#-----------------------------------------------------------
# Webtalk v2018.2.2 (64-bit)
# SW Build 2348494 on Mon Oct  1 18:25:39 MDT 2018
# 
# Start of session at: Thu Jan  3 05:09:16 2019
# Process ID: 13626
# Current directory: /home/irfan/Vivado/pinpon3/pinpon3.sdk/webtalk
# Command line: wbtcv -mode batch -source sdk_webtalk.tcl
# Log file: /home/irfan/Vivado/pinpon3/pinpon3.sdk/webtalk/webtalk.log
# Journal file: /home/irfan/Vivado/pinpon3/pinpon3.sdk/webtalk/webtalk.jou
#-----------------------------------------------------------
source sdk_webtalk.tcl
# webtalk_init -webtalk_dir /home/irfan/Vivado/pinpon3/pinpon3.sdk/webtalk
# webtalk_register_client -client project
# webtalk_add_data -client project -key date_generated -value "2019-01-03 04:09:15" -context "software_version_and_target_device"
# webtalk_add_data -client project -key product_version -value "SDK v2018.2" -context "software_version_and_target_device"
# webtalk_add_data -client project -key build_version -value "2018.2" -context "software_version_and_target_device"
# webtalk_add_data -client project -key os_platform -value "amd64" -context "software_version_and_target_device"
# webtalk_add_data -client project -key registration_id -value "" -context "software_version_and_target_device"
# webtalk_add_data -client project -key tool_flow -value "SDK" -context "software_version_and_target_device"
# webtalk_add_data -client project -key beta -value "false" -context "software_version_and_target_device"
# webtalk_add_data -client project -key route_design -value "NA" -context "software_version_and_target_device"
# webtalk_add_data -client project -key target_family -value "NA" -context "software_version_and_target_device"
# webtalk_add_data -client project -key target_device -value "NA" -context "software_version_and_target_device"
# webtalk_add_data -client project -key target_package -value "NA" -context "software_version_and_target_device"
# webtalk_add_data -client project -key target_speed -value "NA" -context "software_version_and_target_device"
# webtalk_add_data -client project -key random_id -value "l9nj4i8hq9fcfttq0kel6nlh3a" -context "software_version_and_target_device"
# webtalk_add_data -client project -key project_id -value "2018.2_7" -context "software_version_and_target_device"
# webtalk_add_data -client project -key project_iteration -value "7" -context "software_version_and_target_device"
# webtalk_add_data -client project -key os_name -value "ManjaroLinux" -context "user_environment"
# webtalk_add_data -client project -key os_release -value "Manjaro Linux" -context "user_environment"
# webtalk_add_data -client project -key cpu_name -value "Intel(R) Core(TM) i5-2500K CPU @ 3.30GHz" -context "user_environment"
# webtalk_add_data -client project -key cpu_speed -value "4327.018 MHz" -context "user_environment"
# webtalk_add_data -client project -key total_processors -value "1" -context "user_environment"
# webtalk_add_data -client project -key system_ram -value "12.560 GB" -context "user_environment"
# webtalk_register_client -client sdk
# webtalk_add_data -client sdk -key uid -value "1546476600000" -context "sdk\\\\bsp/1546476600000"
# webtalk_add_data -client sdk -key hwid -value "1545962620000" -context "sdk\\\\bsp/1546476600000"
# webtalk_add_data -client sdk -key os -value "standalone" -context "sdk\\\\bsp/1546476600000"
# webtalk_add_data -client sdk -key apptemplate -value "hello_world" -context "sdk\\\\bsp/1546476600000"
# webtalk_add_data -client sdk -key RecordType -value "BSPCreation" -context "sdk\\\\bsp/1546476600000"
# webtalk_add_data -client sdk -key uid -value "1546476601000" -context "sdk\\\\application/1546476601000"
# webtalk_add_data -client sdk -key hwid -value "1545962620000" -context "sdk\\\\application/1546476601000"
# webtalk_add_data -client sdk -key bspid -value "1546476600000" -context "sdk\\\\application/1546476601000"
# webtalk_add_data -client sdk -key newbsp -value "true" -context "sdk\\\\application/1546476601000"
# webtalk_add_data -client sdk -key os -value "standalone" -context "sdk\\\\application/1546476601000"
# webtalk_add_data -client sdk -key apptemplate -value "hello_world" -context "sdk\\\\application/1546476601000"
# webtalk_add_data -client sdk -key RecordType -value "APPCreation" -context "sdk\\\\application/1546476601000"
# webtalk_add_data -client sdk -key LangUsed -value "C" -context "sdk\\\\application/1546476601000"
# webtalk_add_data -client sdk -key Procused -value "ps7_cortexa9" -context "sdk\\\\application/1546476601000"
# webtalk_add_data -client sdk -key uid -value "NA" -context "sdk\\\\bsp/1546481354983"
# webtalk_add_data -client sdk -key RecordType -value "ToolUsage" -context "sdk\\\\bsp/1546481354983"
# webtalk_add_data -client sdk -key BootgenCount -value "0" -context "sdk\\\\bsp/1546481354983"
# webtalk_add_data -client sdk -key DebugCount -value "21" -context "sdk\\\\bsp/1546481354983"
# webtalk_add_data -client sdk -key PerfCount -value "0" -context "sdk\\\\bsp/1546481354983"
# webtalk_add_data -client sdk -key FlashCount -value "0" -context "sdk\\\\bsp/1546481354983"
# webtalk_add_data -client sdk -key CrossTriggCount -value "0" -context "sdk\\\\bsp/1546481354983"
# webtalk_add_data -client sdk -key QemuDebugCount -value "0" -context "sdk\\\\bsp/1546481354983"
# webtalk_transmit -clientid 1517613829 -regid "" -xml /home/irfan/Vivado/pinpon3/pinpon3.sdk/webtalk/usage_statistics_ext_sdk.xml -html /home/irfan/Vivado/pinpon3/pinpon3.sdk/webtalk/usage_statistics_ext_sdk.html -wdm /home/irfan/Vivado/pinpon3/pinpon3.sdk/webtalk/sdk_webtalk.wdm -intro "<H3>SDK Usage Report</H3><BR>"
# webtalk_terminate
INFO: [Common 17-206] Exiting Webtalk at Thu Jan  3 05:09:16 2019...
